Summary of SPARK analysis
=========================

---------------------------------------------------------------------------------------------------------
SPARK Analysis results        Total       Flow   Interval   CodePeer       Provers   Justified   Unproved
---------------------------------------------------------------------------------------------------------
Data Dependencies                 .          .          .          .             .           .          .
Flow Dependencies                 .          .          .          .             .           .          .
Initialization                   12         12          .          .             .           .          .
Non-Aliasing                      2          2          .          .             .           .          .
Run-time Checks                 131          .          .          .    128 (CVC4)           .          3
Assertions                       22          .          .          .     22 (CVC4)           .          .
Functional Contracts             25          .          .          .     21 (CVC4)           .          4
LSP Verification                  .          .          .          .             .           .          .
---------------------------------------------------------------------------------------------------------
Total                           192    14 (7%)          .          .     171 (89%)           .     7 (4%)


max steps used for successful proof: 1

Analyzed 6 units
in unit main, 11 subprograms and packages out of 11 analyzed
  Main at main.adb:15 flow analyzed (0 errors, 0 checks and 0 warnings) and not proved, 12 checks out of 16 proved
  Main.Lines at main.adb:20 flow analyzed (0 errors, 0 checks and 0 warnings) and proved (0 checks)
  Main.Lines.Equal at mystring.ads:18, instantiated at main.adb:20 flow analyzed (0 errors, 0 checks and 0 warnings) and proved (11 checks)
  Main.Lines.From_String at mystring.ads:12, instantiated at main.adb:20 flow analyzed (0 errors, 0 checks and 0 warnings) and proved (12 checks)
  Main.Lines.Get at mystring.ads:30, instantiated at main.adb:20 flow analyzed (0 errors, 0 checks and 0 warnings) and proved (1 checks)
  Main.Lines.Get_Line at mystring.ads:33, instantiated at main.adb:20 flow analyzed (0 errors, 0 checks and 0 warnings) and proved (2 checks)
  Main.Lines.Length at mystring.ads:23, instantiated at main.adb:20 flow analyzed (0 errors, 0 checks and 0 warnings) and proved (1 checks)
  Main.Lines.Less at mystring.ads:16, instantiated at main.adb:20 flow analyzed (0 errors, 0 checks and 0 warnings) and proved (7 checks)
  Main.Lines.MyString at mystring.ads:6, instantiated at main.adb:20 flow analyzed (0 errors, 0 checks and 0 warnings) and proved (0 checks)
  Main.Lines.Substring at mystring.ads:26, instantiated at main.adb:20 flow analyzed (0 errors, 0 checks and 0 warnings) and proved (11 checks)
  Main.Lines.To_String at mystring.ads:8, instantiated at main.adb:20 flow analyzed (0 errors, 0 checks and 0 warnings) and proved (7 checks)
in unit mycommandline, 0 subprograms and packages out of 4 analyzed
  MyCommandLine at mycommandline.ads:1 skipped
  MyCommandLine.Argument at mycommandline.ads:7 skipped
  MyCommandLine.Argument_Count at mycommandline.ads:3 skipped
  MyCommandLine.Command_Name at mycommandline.ads:5 skipped
in unit mystringtokeniser, 3 subprograms and packages out of 3 analyzed
  MyStringTokeniser at mystringtokeniser.ads:3 flow analyzed (0 errors, 0 checks and 0 warnings) and proved (0 checks)
  MyStringTokeniser.Is_Whitespace at mystringtokeniser.ads:12 flow analyzed (0 errors, 0 checks and 0 warnings) and proved (0 checks)
  MyStringTokeniser.Tokenise at mystringtokeniser.ads:16 flow analyzed (0 errors, 0 checks and 0 warnings) and not proved, 29 checks out of 32 proved
in unit pin, 3 subprograms and packages out of 3 analyzed
  PIN at pin.ads:1 flow analyzed (0 errors, 0 checks and 0 warnings) and proved (0 checks)
  PIN.From_String at pin.ads:5 flow analyzed (0 errors, 0 checks and 0 warnings) and proved (12 checks)
  PIN.PIN at pin.ads:3 flow analyzed (0 errors, 0 checks and 0 warnings) and proved (0 checks)
in unit stringtointeger, 2 subprograms and packages out of 2 analyzed
  StringToInteger at stringtointeger.ads:3 flow analyzed (0 errors, 0 checks and 0 warnings) and proved (0 checks)
  StringToInteger.From_String at stringtointeger.ads:6 flow analyzed (0 errors, 0 checks and 0 warnings) and proved (13 checks)
in unit variablestore, 10 subprograms and packages out of 23 analyzed
  VariableStore at variablestore.ads:7 skipped
  VariableStore.Database at variablestore.ads:15 skipped
  VariableStore.Equal at variablestore.ads:35 skipped
  VariableStore.From_String at variablestore.ads:30 skipped
  VariableStore.Get at variablestore.ads:21 skipped
  VariableStore.Has_Variable at variablestore.ads:19 skipped
  VariableStore.Init at variablestore.ads:17 skipped
  VariableStore.Length at variablestore.ads:37 skipped
  VariableStore.Less at variablestore.ads:34 skipped
  VariableStore.Print at variablestore.ads:39 skipped
  VariableStore.Put at variablestore.ads:24 skipped
  VariableStore.Remove at variablestore.ads:27 skipped
  VariableStore.To_String at variablestore.ads:32 skipped
  VariableStore.Variables at variablestore.ads:11 flow analyzed (0 errors, 0 checks and 0 warnings) and proved (0 checks)
  VariableStore.Variables.Equal at mystring.ads:18, instantiated at variablestore.ads:11 flow analyzed (0 errors, 0 checks and 0 warnings) and proved (11 checks)
  VariableStore.Variables.From_String at mystring.ads:12, instantiated at variablestore.ads:11 flow analyzed (0 errors, 0 checks and 0 warnings) and proved (12 checks)
  VariableStore.Variables.Get at mystring.ads:30, instantiated at variablestore.ads:11 flow analyzed (0 errors, 0 checks and 0 warnings) and proved (1 checks)
  VariableStore.Variables.Get_Line at mystring.ads:33, instantiated at variablestore.ads:11 flow analyzed (0 errors, 0 checks and 0 warnings) and proved (2 checks)
  VariableStore.Variables.Length at mystring.ads:23, instantiated at variablestore.ads:11 flow analyzed (0 errors, 0 checks and 0 warnings) and proved (1 checks)
  VariableStore.Variables.Less at mystring.ads:16, instantiated at variablestore.ads:11 flow analyzed (0 errors, 0 checks and 0 warnings) and proved (7 checks)
  VariableStore.Variables.MyString at mystring.ads:6, instantiated at variablestore.ads:11 flow analyzed (0 errors, 0 checks and 0 warnings) and proved (0 checks)
  VariableStore.Variables.Substring at mystring.ads:26, instantiated at variablestore.ads:11 flow analyzed (0 errors, 0 checks and 0 warnings) and proved (11 checks)
  VariableStore.Variables.To_String at mystring.ads:8, instantiated at variablestore.ads:11 flow analyzed (0 errors, 0 checks and 0 warnings) and proved (7 checks)
